2023-01-11 20:13:08.518  INFO 40612 --- [main] com.example.ec.ExplorecaliApplication    : Starting ExplorecaliApplication on Bettys-MacBook-Air.local with PID 40612 (started by betty in /Users/betty/Desktop/extending-securing-and-dockerizing-springboot-microservices/Dockerizing Microservice/explorecali)
2023-01-11 20:13:08.524 DEBUG 40612 --- [main] com.example.ec.ExplorecaliApplication    : Running with Spring Boot v2.0.1.RELEASE, Spring v5.0.5.RELEASE
2023-01-11 20:13:08.527  INFO 40612 --- [main] com.example.ec.ExplorecaliApplication    : The following profiles are active: default
2023-01-11 20:13:08.601  INFO 40612 --- [main] ConfigServletWebServerApplicationContext : Refreshing org.springframework.boot.web.servlet.context.AnnotationConfigServletWebServerApplicationContext@1189dd52: startup date [Wed Jan 11 20:13:08 CST 2023]; root of context hierarchy
2023-01-11 20:13:10.559  INFO 40612 --- [main] o.s.b.f.s.DefaultListableBeanFactory     : Overriding bean definition for bean 'httpRequestHandlerAdapter' with a different definition: replacing [Root bean: class [null]; scope=; abstract=false; lazyInit=false; autowireMode=3; dependencyCheck=0; autowireCandidate=true; primary=false; factoryBeanName=org.springframework.boot.autoconfigure.web.servlet.WebMvcAutoConfiguration$EnableWebMvcConfiguration; factoryMethodName=httpRequestHandlerAdapter; initMethodName=null; destroyMethodName=(inferred); defined in class path resource [org/springframework/boot/autoconfigure/web/servlet/WebMvcAutoConfiguration$EnableWebMvcConfiguration.class]] with [Root bean: class [null]; scope=; abstract=false; lazyInit=false; autowireMode=3; dependencyCheck=0; autowireCandidate=true; primary=false; factoryBeanName=org.springframework.data.rest.webmvc.config.RepositoryRestMvcConfiguration; factoryMethodName=httpRequestHandlerAdapter; initMethodName=null; destroyMethodName=(inferred); defined in class path resource [org/springframework/data/rest/webmvc/config/RepositoryRestMvcConfiguration.class]]
2023-01-11 20:13:11.164  INFO 40612 --- [main] trationDelegate$BeanPostProcessorChecker : Bean 'org.springframework.transaction.annotation.ProxyTransactionManagementConfiguration' of type [org.springframework.transaction.annotation.ProxyTransactionManagementConfiguration$$EnhancerBySpringCGLIB$$cb08fbb6] is not eligible for getting processed by all BeanPostProcessors (for example: not eligible for auto-proxying)
2023-01-11 20:13:11.226  INFO 40612 --- [main] trationDelegate$BeanPostProcessorChecker : Bean 'org.springframework.security.config.annotation.configuration.ObjectPostProcessorConfiguration' of type [org.springframework.security.config.annotation.configuration.ObjectPostProcessorConfiguration$$EnhancerBySpringCGLIB$$63b6c3f0] is not eligible for getting processed by all BeanPostProcessors (for example: not eligible for auto-proxying)
2023-01-11 20:13:11.234  INFO 40612 --- [main] trationDelegate$BeanPostProcessorChecker : Bean 'objectPostProcessor' of type [org.springframework.security.config.annotation.configuration.AutowireBeanFactoryObjectPostProcessor] is not eligible for getting processed by all BeanPostProcessors (for example: not eligible for auto-proxying)
2023-01-11 20:13:11.238  INFO 40612 --- [main] trationDelegate$BeanPostProcessorChecker : Bean 'org.springframework.security.access.expression.method.DefaultMethodSecurityExpressionHandler@468dda3e' of type [org.springframework.security.access.expression.method.DefaultMethodSecurityExpressionHandler] is not eligible for getting processed by all BeanPostProcessors (for example: not eligible for auto-proxying)
2023-01-11 20:13:11.247  INFO 40612 --- [main] trationDelegate$BeanPostProcessorChecker : Bean 'org.springframework.security.config.annotation.method.configuration.GlobalMethodSecurityConfiguration' of type [org.springframework.security.config.annotation.method.configuration.GlobalMethodSecurityConfiguration$$EnhancerBySpringCGLIB$$888b66a2] is not eligible for getting processed by all BeanPostProcessors (for example: not eligible for auto-proxying)
2023-01-11 20:13:11.256  INFO 40612 --- [main] trationDelegate$BeanPostProcessorChecker : Bean 'methodSecurityMetadataSource' of type [org.springframework.security.access.method.DelegatingMethodSecurityMetadataSource] is not eligible for getting processed by all BeanPostProcessors (for example: not eligible for auto-proxying)
2023-01-11 20:13:11.627  INFO 40612 --- [main] o.s.b.w.embedded.tomcat.TomcatWebServer  : Tomcat initialized with port(s): 8080 (http)
2023-01-11 20:13:11.654  INFO 40612 --- [main] o.apache.catalina.core.StandardService   : Starting service [Tomcat]
2023-01-11 20:13:11.654  INFO 40612 --- [main] org.apache.catalina.core.StandardEngine  : Starting Servlet Engine: Apache Tomcat/8.5.29
2023-01-11 20:13:11.659  INFO 40612 --- [localhost-startStop-1] o.a.catalina.core.AprLifecycleListener   : The APR based Apache Tomcat Native library which allows optimal performance in production environments was not found on the java.library.path: [/Users/betty/Library/Java/Extensions:/Library/Java/Extensions:/Network/Library/Java/Extensions:/System/Library/Java/Extensions:/usr/lib/java:.]
2023-01-11 20:13:11.798  INFO 40612 --- [localhost-startStop-1] o.a.c.c.C.[Tomcat].[localhost].[/]       : Initializing Spring embedded WebApplicationContext
2023-01-11 20:13:11.799  INFO 40612 --- [localhost-startStop-1] o.s.web.context.ContextLoader            : Root WebApplicationContext: initialization completed in 3198 ms
2023-01-11 20:13:12.112  INFO 40612 --- [localhost-startStop-1] o.s.b.w.servlet.FilterRegistrationBean   : Mapping filter: 'characterEncodingFilter' to: [/*]
2023-01-11 20:13:12.113  INFO 40612 --- [localhost-startStop-1] o.s.b.w.servlet.FilterRegistrationBean   : Mapping filter: 'hiddenHttpMethodFilter' to: [/*]
2023-01-11 20:13:12.114  INFO 40612 --- [localhost-startStop-1] o.s.b.w.servlet.FilterRegistrationBean   : Mapping filter: 'httpPutFormContentFilter' to: [/*]
2023-01-11 20:13:12.115  INFO 40612 --- [localhost-startStop-1] o.s.b.w.servlet.FilterRegistrationBean   : Mapping filter: 'requestContextFilter' to: [/*]
2023-01-11 20:13:12.118  INFO 40612 --- [localhost-startStop-1] .s.DelegatingFilterProxyRegistrationBean : Mapping filter: 'springSecurityFilterChain' to: [/*]
2023-01-11 20:13:12.118  INFO 40612 --- [localhost-startStop-1] o.s.b.w.servlet.ServletRegistrationBean  : Servlet dispatcherServlet mapped to [/]
2023-01-11 20:13:12.346  INFO 40612 --- [main] o.f.core.internal.util.VersionPrinter    : Flyway Community Edition 5.0.7 by Boxfuse
2023-01-11 20:13:12.349  INFO 40612 --- [main] com.zaxxer.hikari.HikariDataSource       : HikariPool-1 - Starting...
2023-01-11 20:13:12.589  INFO 40612 --- [main] com.zaxxer.hikari.HikariDataSource       : HikariPool-1 - Start completed.
2023-01-11 20:13:12.598  INFO 40612 --- [main] o.f.c.internal.database.DatabaseFactory  : Database: jdbc:h2:mem:testdb (H2 1.4)
2023-01-11 20:13:12.728  INFO 40612 --- [main] o.f.core.internal.command.DbValidate     : Successfully validated 6 migrations (execution time 00:00.050s)
2023-01-11 20:13:12.757  INFO 40612 --- [main] o.f.c.i.s.JdbcTableSchemaHistory         : Creating Schema History table: "PUBLIC"."flyway_schema_history"
2023-01-11 20:13:12.795  INFO 40612 --- [main] o.f.core.internal.command.DbMigrate      : Current version of schema "PUBLIC": << Empty Schema >>
2023-01-11 20:13:12.798  INFO 40612 --- [main] o.f.core.internal.command.DbMigrate      : Migrating schema "PUBLIC" to version 1.1 - CreateTourSchema
2023-01-11 20:13:12.883  INFO 40612 --- [main] o.f.core.internal.command.DbMigrate      : Migrating schema "PUBLIC" to version 1.2 - AddTours
2023-01-11 20:13:12.908  INFO 40612 --- [main] o.f.core.internal.command.DbMigrate      : Migrating schema "PUBLIC" to version 1.3 - CreateTourRatingSchema
2023-01-11 20:13:12.922  INFO 40612 --- [main] o.f.core.internal.command.DbMigrate      : Migrating schema "PUBLIC" to version 1.4 - AddTourRatings
2023-01-11 20:13:12.933  INFO 40612 --- [main] o.f.core.internal.command.DbMigrate      : Migrating schema "PUBLIC" to version 2.1 - CreateSecuritySchema
2023-01-11 20:13:12.948  INFO 40612 --- [main] o.f.core.internal.command.DbMigrate      : Migrating schema "PUBLIC" to version 2.2 - AddUsers
2023-01-11 20:13:12.959  INFO 40612 --- [main] o.f.core.internal.command.DbMigrate      : Successfully applied 6 migrations to schema "PUBLIC" (execution time 00:00.211s)
2023-01-11 20:13:13.130  INFO 40612 --- [main] j.LocalContainerEntityManagerFactoryBean : Building JPA container EntityManagerFactory for persistence unit 'default'
2023-01-11 20:13:13.150  INFO 40612 --- [main] o.hibernate.jpa.internal.util.LogHelper  : HHH000204: Processing PersistenceUnitInfo [
	name: default
	...]
2023-01-11 20:13:13.258  INFO 40612 --- [main] org.hibernate.Version                    : HHH000412: Hibernate Core {5.2.16.Final}
2023-01-11 20:13:13.260  INFO 40612 --- [main] org.hibernate.cfg.Environment            : HHH000206: hibernate.properties not found
2023-01-11 20:13:13.309  INFO 40612 --- [main] o.hibernate.annotations.common.Version   : HCANN000001: Hibernate Commons Annotations {5.0.1.Final}
2023-01-11 20:13:13.473  INFO 40612 --- [main] org.hibernate.dialect.Dialect            : HHH000400: Using dialect: org.hibernate.dialect.H2Dialect
2023-01-11 20:13:14.118  INFO 40612 --- [main] j.LocalContainerEntityManagerFactoryBean : Initialized JPA EntityManagerFactory for persistence unit 'default'
2023-01-11 20:13:15.541  WARN 40612 --- [main] aWebConfiguration$JpaWebMvcConfiguration : spring.jpa.open-in-view is enabled by default. Therefore, database queries may be performed during view rendering. Explicitly configure spring.jpa.open-in-view to disable this warning
2023-01-11 20:13:15.700  INFO 40612 --- [main] s.w.s.m.m.a.RequestMappingHandlerMapping : Mapped "{[/ratings/{id}],methods=[GET]}" onto public com.example.ec.web.RatingDto com.example.ec.web.RatingController.getRating(java.lang.Integer)
2023-01-11 20:13:15.701  INFO 40612 --- [main] s.w.s.m.m.a.RequestMappingHandlerMapping : Mapped "{[/ratings],methods=[GET]}" onto public java.util.List<com.example.ec.web.RatingDto> com.example.ec.web.RatingController.getAll()
2023-01-11 20:13:15.706  INFO 40612 --- [main] s.w.s.m.m.a.RequestMappingHandlerMapping : Mapped "{[/tours/{tourId}/ratings],methods=[POST]}" onto public void com.example.ec.web.TourRatingController.createTourRating(int,com.example.ec.web.RatingDto)
2023-01-11 20:13:15.706  INFO 40612 --- [main] s.w.s.m.m.a.RequestMappingHandlerMapping : Mapped "{[/tours/{tourId}/ratings/{score}],methods=[POST]}" onto public void com.example.ec.web.TourRatingController.createManyTourRatings(int,int,java.lang.Integer[])
2023-01-11 20:13:15.707  INFO 40612 --- [main] s.w.s.m.m.a.RequestMappingHandlerMapping : Mapped "{[/tours/{tourId}/ratings],methods=[GET]}" onto public org.springframework.hateoas.PagedResources<com.example.ec.web.RatingDto> com.example.ec.web.TourRatingController.getAllRatingsForTour(int,org.springframework.data.domain.Pageable,org.springframework.data.web.PagedResourcesAssembler)
2023-01-11 20:13:15.707  INFO 40612 --- [main] s.w.s.m.m.a.RequestMappingHandlerMapping : Mapped "{[/tours/{tourId}/ratings/average],methods=[GET]}" onto public java.util.AbstractMap$SimpleEntry<java.lang.String, java.lang.Double> com.example.ec.web.TourRatingController.getAverage(int)
2023-01-11 20:13:15.707  INFO 40612 --- [main] s.w.s.m.m.a.RequestMappingHandlerMapping : Mapped "{[/tours/{tourId}/ratings],methods=[PUT]}" onto public com.example.ec.web.RatingDto com.example.ec.web.TourRatingController.updateWithPut(int,com.example.ec.web.RatingDto)
2023-01-11 20:13:15.708  INFO 40612 --- [main] s.w.s.m.m.a.RequestMappingHandlerMapping : Mapped "{[/tours/{tourId}/ratings],methods=[PATCH]}" onto public com.example.ec.web.RatingDto com.example.ec.web.TourRatingController.updateWithPatch(int,com.example.ec.web.RatingDto)
2023-01-11 20:13:15.708  INFO 40612 --- [main] s.w.s.m.m.a.RequestMappingHandlerMapping : Mapped "{[/tours/{tourId}/ratings/{customerId}],methods=[DELETE]}" onto public void com.example.ec.web.TourRatingController.delete(int,int)
2023-01-11 20:13:15.709  INFO 40612 --- [main] s.w.s.m.m.a.RequestMappingHandlerMapping : Mapped "{[/users/signup],methods=[POST]}" onto public com.example.ec.domain.User com.example.ec.web.UserController.signup(com.example.ec.web.LoginDto)
2023-01-11 20:13:15.710  INFO 40612 --- [main] s.w.s.m.m.a.RequestMappingHandlerMapping : Mapped "{[/users/signin],methods=[POST]}" onto public java.lang.String com.example.ec.web.UserController.login(com.example.ec.web.LoginDto)
2023-01-11 20:13:15.710  INFO 40612 --- [main] s.w.s.m.m.a.RequestMappingHandlerMapping : Mapped "{[/users],methods=[GET]}" onto public java.util.List<com.example.ec.domain.User> com.example.ec.web.UserController.getAllUsers()
2023-01-11 20:13:15.715  INFO 40612 --- [main] s.w.s.m.m.a.RequestMappingHandlerMapping : Mapped "{[/swagger-resources/configuration/security]}" onto public org.springframework.http.ResponseEntity<springfox.documentation.swagger.web.SecurityConfiguration> springfox.documentation.swagger.web.ApiResourceController.securityConfiguration()
2023-01-11 20:13:15.716  INFO 40612 --- [main] s.w.s.m.m.a.RequestMappingHandlerMapping : Mapped "{[/swagger-resources/configuration/ui]}" onto public org.springframework.http.ResponseEntity<springfox.documentation.swagger.web.UiConfiguration> springfox.documentation.swagger.web.ApiResourceController.uiConfiguration()
2023-01-11 20:13:15.717  INFO 40612 --- [main] s.w.s.m.m.a.RequestMappingHandlerMapping : Mapped "{[/swagger-resources]}" onto public org.springframework.http.ResponseEntity<java.util.List<springfox.documentation.swagger.web.SwaggerResource>> springfox.documentation.swagger.web.ApiResourceController.swaggerResources()
2023-01-11 20:13:15.721  INFO 40612 --- [main] s.w.s.m.m.a.RequestMappingHandlerMapping : Mapped "{[/error],produces=[text/html]}" onto public org.springframework.web.servlet.ModelAndView org.springframework.boot.autoconfigure.web.servlet.error.BasicErrorController.errorHtml(javax.servlet.http.HttpServletRequest,javax.servlet.http.HttpServletResponse)
2023-01-11 20:13:15.722  INFO 40612 --- [main] s.w.s.m.m.a.RequestMappingHandlerMapping : Mapped "{[/error]}" onto public org.springframework.http.ResponseEntity<java.util.Map<java.lang.String, java.lang.Object>> org.springframework.boot.autoconfigure.web.servlet.error.BasicErrorController.error(javax.servlet.http.HttpServletRequest)
2023-01-11 20:13:16.103  INFO 40612 --- [main] pertySourcedRequestMappingHandlerMapping : Mapped URL path [/v2/api-docs] onto method [public org.springframework.http.ResponseEntity<springfox.documentation.spring.web.json.Json> springfox.documentation.swagger2.web.Swagger2Controller.getDocumentation(java.lang.String,javax.servlet.http.HttpServletRequest)]
2023-01-11 20:13:16.242  INFO 40612 --- [main] o.s.w.s.handler.SimpleUrlHandlerMapping  : Mapped URL path [/**/favicon.ico] onto handler of type [class org.springframework.web.servlet.resource.ResourceHttpRequestHandler]
2023-01-11 20:13:16.703  INFO 40612 --- [main] s.w.s.m.m.a.RequestMappingHandlerAdapter : Looking for @ControllerAdvice: org.springframework.boot.web.servlet.context.AnnotationConfigServletWebServerApplicationContext@1189dd52: startup date [Wed Jan 11 20:13:08 CST 2023]; root of context hierarchy
2023-01-11 20:13:16.858  INFO 40612 --- [main] o.s.w.s.handler.SimpleUrlHandlerMapping  : Mapped URL path [/webjars/**] onto handler of type [class org.springframework.web.servlet.resource.ResourceHttpRequestHandler]
2023-01-11 20:13:16.858  INFO 40612 --- [main] o.s.w.s.handler.SimpleUrlHandlerMapping  : Mapped URL path [/**] onto handler of type [class org.springframework.web.servlet.resource.ResourceHttpRequestHandler]
2023-01-11 20:13:16.889  INFO 40612 --- [main] .m.m.a.ExceptionHandlerExceptionResolver : Detected @ExceptionHandler methods in exceptionHandlerController
2023-01-11 20:13:16.889  INFO 40612 --- [main] .m.m.a.ExceptionHandlerExceptionResolver : Detected @ExceptionHandler methods in repositoryRestExceptionHandler
2023-01-11 20:13:17.202  INFO 40612 --- [main] o.s.d.r.w.RepositoryRestHandlerAdapter   : Looking for @ControllerAdvice: org.springframework.boot.web.servlet.context.AnnotationConfigServletWebServerApplicationContext@1189dd52: startup date [Wed Jan 11 20:13:08 CST 2023]; root of context hierarchy
2023-01-11 20:13:17.244  INFO 40612 --- [main] o.s.d.r.w.RepositoryRestHandlerMapping   : Mapped "{[/{repository}/search/{search}],methods=[GET],produces=[application/x-spring-data-compact+json]}" onto public org.springframework.hateoas.ResourceSupport org.springframework.data.rest.webmvc.RepositorySearchController.executeSearchCompact(org.springframework.data.rest.webmvc.RootResourceInformation,org.springframework.http.HttpHeaders,org.springframework.util.MultiValueMap<java.lang.String, java.lang.Object>,java.lang.String,java.lang.String,org.springframework.data.rest.webmvc.support.DefaultedPageable,org.springframework.data.domain.Sort,org.springframework.data.rest.webmvc.PersistentEntityResourceAssembler)
2023-01-11 20:13:17.244  INFO 40612 --- [main] o.s.d.r.w.RepositoryRestHandlerMapping   : Mapped "{[/{repository}/search/{search}],methods=[OPTIONS],produces=[application/hal+json || application/json]}" onto public org.springframework.http.ResponseEntity<java.lang.Object> org.springframework.data.rest.webmvc.RepositorySearchController.optionsForSearch(org.springframework.data.rest.webmvc.RootResourceInformation,java.lang.String)
2023-01-11 20:13:17.245  INFO 40612 --- [main] o.s.d.r.w.RepositoryRestHandlerMapping   : Mapped "{[/{repository}/search/{search}],methods=[HEAD],produces=[application/hal+json || application/json]}" onto public org.springframework.http.ResponseEntity<java.lang.Object> org.springframework.data.rest.webmvc.RepositorySearchController.headForSearch(org.springframework.data.rest.webmvc.RootResourceInformation,java.lang.String)
2023-01-11 20:13:17.245  INFO 40612 --- [main] o.s.d.r.w.RepositoryRestHandlerMapping   : Mapped "{[/{repository}/search],methods=[OPTIONS],produces=[application/hal+json || application/json]}" onto public org.springframework.http.HttpEntity<?> org.springframework.data.rest.webmvc.RepositorySearchController.optionsForSearches(org.springframework.data.rest.webmvc.RootResourceInformation)
2023-01-11 20:13:17.246  INFO 40612 --- [main] o.s.d.r.w.RepositoryRestHandlerMapping   : Mapped "{[/{repository}/search],methods=[HEAD],produces=[application/hal+json || application/json]}" onto public org.springframework.http.HttpEntity<?> org.springframework.data.rest.webmvc.RepositorySearchController.headForSearches(org.springframework.data.rest.webmvc.RootResourceInformation)
2023-01-11 20:13:17.246  INFO 40612 --- [main] o.s.d.r.w.RepositoryRestHandlerMapping   : Mapped "{[/{repository}/search],methods=[GET],produces=[application/hal+json || application/json]}" onto public org.springframework.data.rest.webmvc.RepositorySearchesResource org.springframework.data.rest.webmvc.RepositorySearchController.listSearches(org.springframework.data.rest.webmvc.RootResourceInformation)
2023-01-11 20:13:17.247  INFO 40612 --- [main] o.s.d.r.w.RepositoryRestHandlerMapping   : Mapped "{[/{repository}/search/{search}],methods=[GET],produces=[application/hal+json || application/json]}" onto public org.springframework.http.ResponseEntity<?> org.springframework.data.rest.webmvc.RepositorySearchController.executeSearch(org.springframework.data.rest.webmvc.RootResourceInformation,org.springframework.util.MultiValueMap<java.lang.String, java.lang.Object>,java.lang.String,org.springframework.data.rest.webmvc.support.DefaultedPageable,org.springframework.data.domain.Sort,org.springframework.data.rest.webmvc.PersistentEntityResourceAssembler,org.springframework.http.HttpHeaders)
2023-01-11 20:13:17.251  INFO 40612 --- [main] o.s.d.r.w.RepositoryRestHandlerMapping   : Mapped "{[/{repository}/{id}/{property}/{propertyId}],methods=[GET],produces=[application/hal+json || application/json]}" onto public org.springframework.http.ResponseEntity<org.springframework.hateoas.ResourceSupport> org.springframework.data.rest.webmvc.RepositoryPropertyReferenceController.followPropertyReference(org.springframework.data.rest.webmvc.RootResourceInformation,java.io.Serializable,java.lang.String,java.lang.String,org.springframework.data.rest.webmvc.PersistentEntityResourceAssembler) throws java.lang.Exception
2023-01-11 20:13:17.251  INFO 40612 --- [main] o.s.d.r.w.RepositoryRestHandlerMapping   : Mapped "{[/{repository}/{id}/{property}],methods=[GET],produces=[application/hal+json || application/json]}" onto public org.springframework.http.ResponseEntity<org.springframework.hateoas.ResourceSupport> org.springframework.data.rest.webmvc.RepositoryPropertyReferenceController.followPropertyReference(org.springframework.data.rest.webmvc.RootResourceInformation,java.io.Serializable,java.lang.String,org.springframework.data.rest.webmvc.PersistentEntityResourceAssembler) throws java.lang.Exception
2023-01-11 20:13:17.252  INFO 40612 --- [main] o.s.d.r.w.RepositoryRestHandlerMapping   : Mapped "{[/{repository}/{id}/{property}],methods=[DELETE],produces=[application/hal+json || application/json]}" onto public org.springframework.http.ResponseEntity<? extends org.springframework.hateoas.ResourceSupport> org.springframework.data.rest.webmvc.RepositoryPropertyReferenceController.deletePropertyReference(org.springframework.data.rest.webmvc.RootResourceInformation,java.io.Serializable,java.lang.String) throws java.lang.Exception
2023-01-11 20:13:17.252  INFO 40612 --- [main] o.s.d.r.w.RepositoryRestHandlerMapping   : Mapped "{[/{repository}/{id}/{property}],methods=[PATCH || PUT || POST],consumes=[application/json || application/x-spring-data-compact+json || text/uri-list],produces=[application/hal+json || application/json]}" onto public org.springframework.http.ResponseEntity<? extends org.springframework.hateoas.ResourceSupport> org.springframework.data.rest.webmvc.RepositoryPropertyReferenceController.createPropertyReference(org.springframework.data.rest.webmvc.RootResourceInformation,org.springframework.http.HttpMethod,org.springframework.hateoas.Resources<java.lang.Object>,java.io.Serializable,java.lang.String) throws java.lang.Exception
2023-01-11 20:13:17.253  INFO 40612 --- [main] o.s.d.r.w.RepositoryRestHandlerMapping   : Mapped "{[/{repository}/{id}/{property}],methods=[GET],produces=[application/x-spring-data-compact+json || text/uri-list]}" onto public org.springframework.http.ResponseEntity<org.springframework.hateoas.ResourceSupport> org.springframework.data.rest.webmvc.RepositoryPropertyReferenceController.followPropertyReferenceCompact(org.springframework.data.rest.webmvc.RootResourceInformation,java.io.Serializable,java.lang.String,org.springframework.data.rest.webmvc.PersistentEntityResourceAssembler) throws java.lang.Exception
2023-01-11 20:13:17.253  INFO 40612 --- [main] o.s.d.r.w.RepositoryRestHandlerMapping   : Mapped "{[/{repository}/{id}/{property}/{propertyId}],methods=[DELETE],produces=[application/hal+json || application/json]}" onto public org.springframework.http.ResponseEntity<org.springframework.hateoas.ResourceSupport> org.springframework.data.rest.webmvc.RepositoryPropertyReferenceController.deletePropertyReferenceId(org.springframework.data.rest.webmvc.RootResourceInformation,java.io.Serializable,java.lang.String,java.lang.String) throws java.lang.Exception
2023-01-11 20:13:17.254  INFO 40612 --- [main] o.s.d.r.w.RepositoryRestHandlerMapping   : Mapped "{[/ || ],methods=[OPTIONS],produces=[application/hal+json || application/json]}" onto public org.springframework.http.HttpEntity<?> org.springframework.data.rest.webmvc.RepositoryController.optionsForRepositories()
2023-01-11 20:13:17.254  INFO 40612 --- [main] o.s.d.r.w.RepositoryRestHandlerMapping   : Mapped "{[/ || ],methods=[HEAD],produces=[application/hal+json || application/json]}" onto public org.springframework.http.ResponseEntity<?> org.springframework.data.rest.webmvc.RepositoryController.headForRepositories()
2023-01-11 20:13:17.254  INFO 40612 --- [main] o.s.d.r.w.RepositoryRestHandlerMapping   : Mapped "{[/ || ],methods=[GET],produces=[application/hal+json || application/json]}" onto public org.springframework.http.HttpEntity<org.springframework.data.rest.webmvc.RepositoryLinksResource> org.springframework.data.rest.webmvc.RepositoryController.listRepositories()
2023-01-11 20:13:17.256  INFO 40612 --- [main] o.s.d.r.w.RepositoryRestHandlerMapping   : Mapped "{[/{repository}],methods=[HEAD],produces=[application/hal+json || application/json]}" onto public org.springframework.http.ResponseEntity<?> org.springframework.data.rest.webmvc.RepositoryEntityController.headCollectionResource(org.springframework.data.rest.webmvc.RootResourceInformation,org.springframework.data.rest.webmvc.support.DefaultedPageable) throws org.springframework.web.HttpRequestMethodNotSupportedException
2023-01-11 20:13:17.256  INFO 40612 --- [main] o.s.d.r.w.RepositoryRestHandlerMapping   : Mapped "{[/{repository}],methods=[GET],produces=[application/hal+json || application/json]}" onto public org.springframework.hateoas.Resources<?> org.springframework.data.rest.webmvc.RepositoryEntityController.getCollectionResource(org.springframework.data.rest.webmvc.RootResourceInformation,org.springframework.data.rest.webmvc.support.DefaultedPageable,org.springframework.data.domain.Sort,org.springframework.data.rest.webmvc.PersistentEntityResourceAssembler) throws org.springframework.data.rest.webmvc.ResourceNotFoundException,org.springframework.web.HttpRequestMethodNotSupportedException
2023-01-11 20:13:17.256  INFO 40612 --- [main] o.s.d.r.w.RepositoryRestHandlerMapping   : Mapped "{[/{repository}],methods=[POST],produces=[application/hal+json || application/json]}" onto public org.springframework.http.ResponseEntity<org.springframework.hateoas.ResourceSupport> org.springframework.data.rest.webmvc.RepositoryEntityController.postCollectionResource(org.springframework.data.rest.webmvc.RootResourceInformation,org.springframework.data.rest.webmvc.PersistentEntityResource,org.springframework.data.rest.webmvc.PersistentEntityResourceAssembler,java.lang.String) throws org.springframework.web.HttpRequestMethodNotSupportedException
2023-01-11 20:13:17.257  INFO 40612 --- [main] o.s.d.r.w.RepositoryRestHandlerMapping   : Mapped "{[/{repository}/{id}],methods=[OPTIONS],produces=[application/hal+json || application/json]}" onto public org.springframework.http.ResponseEntity<?> org.springframework.data.rest.webmvc.RepositoryEntityController.optionsForItemResource(org.springframework.data.rest.webmvc.RootResourceInformation)
2023-01-11 20:13:17.257  INFO 40612 --- [main] o.s.d.r.w.RepositoryRestHandlerMapping   : Mapped "{[/{repository}/{id}],methods=[HEAD],produces=[application/hal+json || application/json]}" onto public org.springframework.http.ResponseEntity<?> org.springframework.data.rest.webmvc.RepositoryEntityController.headForItemResource(org.springframework.data.rest.webmvc.RootResourceInformation,java.io.Serializable,org.springframework.data.rest.webmvc.PersistentEntityResourceAssembler) throws org.springframework.web.HttpRequestMethodNotSupportedException
2023-01-11 20:13:17.257  INFO 40612 --- [main] o.s.d.r.w.RepositoryRestHandlerMapping   : Mapped "{[/{repository}/{id}],methods=[GET],produces=[application/hal+json || application/json]}" onto public org.springframework.http.ResponseEntity<org.springframework.hateoas.Resource<?>> org.springframework.data.rest.webmvc.RepositoryEntityController.getItemResource(org.springframework.data.rest.webmvc.RootResourceInformation,java.io.Serializable,org.springframework.data.rest.webmvc.PersistentEntityResourceAssembler,org.springframework.http.HttpHeaders) throws org.springframework.web.HttpRequestMethodNotSupportedException
2023-01-11 20:13:17.257  INFO 40612 --- [main] o.s.d.r.w.RepositoryRestHandlerMapping   : Mapped "{[/{repository}/{id}],methods=[PUT],produces=[application/hal+json || application/json]}" onto public org.springframework.http.ResponseEntity<? extends org.springframework.hateoas.ResourceSupport> org.springframework.data.rest.webmvc.RepositoryEntityController.putItemResource(org.springframework.data.rest.webmvc.RootResourceInformation,org.springframework.data.rest.webmvc.PersistentEntityResource,java.io.Serializable,org.springframework.data.rest.webmvc.PersistentEntityResourceAssembler,org.springframework.data.rest.webmvc.support.ETag,java.lang.String) throws org.springframework.web.HttpRequestMethodNotSupportedException
2023-01-11 20:13:17.258  INFO 40612 --- [main] o.s.d.r.w.RepositoryRestHandlerMapping   : Mapped "{[/{repository}/{id}],methods=[PATCH],produces=[application/hal+json || application/json]}" onto public org.springframework.http.ResponseEntity<org.springframework.hateoas.ResourceSupport> org.springframework.data.rest.webmvc.RepositoryEntityController.patchItemResource(org.springframework.data.rest.webmvc.RootResourceInformation,org.springframework.data.rest.webmvc.PersistentEntityResource,java.io.Serializable,org.springframework.data.rest.webmvc.PersistentEntityResourceAssembler,org.springframework.data.rest.webmvc.support.ETag,java.lang.String) throws org.springframework.web.HttpRequestMethodNotSupportedException,org.springframework.data.rest.webmvc.ResourceNotFoundException
2023-01-11 20:13:17.258  INFO 40612 --- [main] o.s.d.r.w.RepositoryRestHandlerMapping   : Mapped "{[/{repository}/{id}],methods=[DELETE],produces=[application/hal+json || application/json]}" onto public org.springframework.http.ResponseEntity<?> org.springframework.data.rest.webmvc.RepositoryEntityController.deleteItemResource(org.springframework.data.rest.webmvc.RootResourceInformation,java.io.Serializable,org.springframework.data.rest.webmvc.support.ETag) throws org.springframework.data.rest.webmvc.ResourceNotFoundException,org.springframework.web.HttpRequestMethodNotSupportedException
2023-01-11 20:13:17.258  INFO 40612 --- [main] o.s.d.r.w.RepositoryRestHandlerMapping   : Mapped "{[/{repository}],methods=[OPTIONS],produces=[application/hal+json || application/json]}" onto public org.springframework.http.ResponseEntity<?> org.springframework.data.rest.webmvc.RepositoryEntityController.optionsForCollectionResource(org.springframework.data.rest.webmvc.RootResourceInformation)
2023-01-11 20:13:17.259  INFO 40612 --- [main] o.s.d.r.w.RepositoryRestHandlerMapping   : Mapped "{[/{repository}],methods=[GET],produces=[application/x-spring-data-compact+json || text/uri-list]}" onto public org.springframework.hateoas.Resources<?> org.springframework.data.rest.webmvc.RepositoryEntityController.getCollectionResourceCompact(org.springframework.data.rest.webmvc.RootResourceInformation,org.springframework.data.rest.webmvc.support.DefaultedPageable,org.springframework.data.domain.Sort,org.springframework.data.rest.webmvc.PersistentEntityResourceAssembler) throws org.springframework.data.rest.webmvc.ResourceNotFoundException,org.springframework.web.HttpRequestMethodNotSupportedException
2023-01-11 20:13:17.264  INFO 40612 --- [main] o.s.d.r.w.BasePathAwareHandlerMapping    : Mapped "{[/profile/{repository}],methods=[GET],produces=[application/schema+json]}" onto public org.springframework.http.HttpEntity<org.springframework.data.rest.webmvc.json.JsonSchema> org.springframework.data.rest.webmvc.RepositorySchemaController.schema(org.springframework.data.rest.webmvc.RootResourceInformation)
2023-01-11 20:13:17.265  INFO 40612 --- [main] o.s.d.r.w.BasePathAwareHandlerMapping    : Mapped "{[/profile/{repository}],methods=[OPTIONS],produces=[application/alps+json]}" onto org.springframework.http.HttpEntity<?> org.springframework.data.rest.webmvc.alps.AlpsController.alpsOptions()
2023-01-11 20:13:17.265  INFO 40612 --- [main] o.s.d.r.w.BasePathAwareHandlerMapping    : Mapped "{[/profile/{repository}],methods=[GET],produces=[application/alps+json || */*]}" onto org.springframework.http.HttpEntity<org.springframework.data.rest.webmvc.RootResourceInformation> org.springframework.data.rest.webmvc.alps.AlpsController.descriptor(org.springframework.data.rest.webmvc.RootResourceInformation)
2023-01-11 20:13:17.266  INFO 40612 --- [main] o.s.d.r.w.BasePathAwareHandlerMapping    : Mapped "{[/profile],methods=[OPTIONS]}" onto public org.springframework.http.HttpEntity<?> org.springframework.data.rest.webmvc.ProfileController.profileOptions()
2023-01-11 20:13:17.266  INFO 40612 --- [main] o.s.d.r.w.BasePathAwareHandlerMapping    : Mapped "{[/profile],methods=[GET]}" onto org.springframework.http.HttpEntity<org.springframework.hateoas.ResourceSupport> org.springframework.data.rest.webmvc.ProfileController.listAllFormsOfMetadata()
2023-01-11 20:13:17.499  INFO 40612 --- [main] o.s.s.web.DefaultSecurityFilterChain     : Creating filter chain: Ant [pattern='/v2/api-docs'], []
2023-01-11 20:13:17.499  INFO 40612 --- [main] o.s.s.web.DefaultSecurityFilterChain     : Creating filter chain: Ant [pattern='/swagger-resources/**'], []
2023-01-11 20:13:17.499  INFO 40612 --- [main] o.s.s.web.DefaultSecurityFilterChain     : Creating filter chain: Ant [pattern='/swagger-ui.html'], []
2023-01-11 20:13:17.499  INFO 40612 --- [main] o.s.s.web.DefaultSecurityFilterChain     : Creating filter chain: Ant [pattern='/configuration/**'], []
2023-01-11 20:13:17.499  INFO 40612 --- [main] o.s.s.web.DefaultSecurityFilterChain     : Creating filter chain: Ant [pattern='/webjars/**'], []
2023-01-11 20:13:17.499  INFO 40612 --- [main] o.s.s.web.DefaultSecurityFilterChain     : Creating filter chain: Ant [pattern='/public'], []
2023-01-11 20:13:17.574  INFO 40612 --- [main] o.s.s.web.DefaultSecurityFilterChain     : Creating filter chain: org.springframework.security.web.util.matcher.AnyRequestMatcher@1, [org.springframework.security.web.context.request.async.WebAsyncManagerIntegrationFilter@621392ea, org.springframework.security.web.context.SecurityContextPersistenceFilter@56499781, org.springframework.security.web.header.HeaderWriterFilter@d6d683e, org.springframework.security.web.authentication.logout.LogoutFilter@323efafe, com.example.ec.security.JwtTokenFilter@35524549, org.springframework.security.web.savedrequest.RequestCacheAwareFilter@2a2798a2, org.springframework.security.web.servletapi.SecurityContextHolderAwareRequestFilter@4ff074a0, org.springframework.security.web.authentication.AnonymousAuthenticationFilter@23ec63af, org.springframework.security.web.session.SessionManagementFilter@3e2c8ef, org.springframework.security.web.access.ExceptionTranslationFilter@707f4647, org.springframework.security.web.access.intercept.FilterSecurityInterceptor@a7bbdbc]
2023-01-11 20:13:17.654  INFO 40612 --- [main] o.s.j.e.a.AnnotationMBeanExporter        : Registering beans for JMX exposure on startup
2023-01-11 20:13:17.656  INFO 40612 --- [main] o.s.j.e.a.AnnotationMBeanExporter        : Bean with name 'dataSource' has been autodetected for JMX exposure
2023-01-11 20:13:17.663  INFO 40612 --- [main] o.s.j.e.a.AnnotationMBeanExporter        : Located MBean 'dataSource': registering with JMX server as MBean [com.zaxxer.hikari:name=dataSource,type=HikariDataSource]
2023-01-11 20:13:17.670  INFO 40612 --- [main] o.s.c.support.DefaultLifecycleProcessor  : Starting beans in phase 2147483647
2023-01-11 20:13:17.670  INFO 40612 --- [main] d.s.w.p.DocumentationPluginsBootstrapper : Context refreshed
2023-01-11 20:13:17.697  INFO 40612 --- [main] d.s.w.p.DocumentationPluginsBootstrapper : Found 1 custom documentation plugin(s)
2023-01-11 20:13:17.737  INFO 40612 --- [main] s.d.s.w.s.ApiListingReferenceScanner     : Scanning for api listing references
2023-01-11 20:13:18.084  INFO 40612 --- [main] o.s.b.w.embedded.tomcat.TomcatWebServer  : Tomcat started on port(s): 8080 (http) with context path ''
2023-01-11 20:13:18.089  INFO 40612 --- [main] com.example.ec.ExplorecaliApplication    : Started ExplorecaliApplication in 10.18 seconds (JVM running for 11.68)
2023-01-11 20:14:27.575  INFO 40612 --- [http-nio-8080-exec-1] o.a.c.c.C.[Tomcat].[localhost].[/]       : Initializing Spring FrameworkServlet 'dispatcherServlet'
2023-01-11 20:14:27.576  INFO 40612 --- [http-nio-8080-exec-1] o.s.web.servlet.DispatcherServlet        : FrameworkServlet 'dispatcherServlet': initialization started
2023-01-11 20:14:27.621  INFO 40612 --- [http-nio-8080-exec-1] o.s.web.servlet.DispatcherServlet        : FrameworkServlet 'dispatcherServlet': initialization completed in 45 ms
2023-01-11 20:14:27.947  INFO 40612 --- [http-nio-8080-exec-1] com.example.ec.security.JwtTokenFilter   : Process request to check for a JSON Web Token 
2023-01-11 20:14:28.205  INFO 40612 --- [http-nio-8080-exec-1] o.h.h.i.QueryTranslatorFactoryInitiator  : HHH000397: Using ASTQueryTranslatorFactory
2023-01-11 20:14:31.685  INFO 40612 --- [Thread-3] ConfigServletWebServerApplicationContext : Closing org.springframework.boot.web.servlet.context.AnnotationConfigServletWebServerApplicationContext@1189dd52: startup date [Wed Jan 11 20:13:08 CST 2023]; root of context hierarchy
2023-01-11 20:14:31.690  INFO 40612 --- [Thread-3] o.s.c.support.DefaultLifecycleProcessor  : Stopping beans in phase 2147483647
2023-01-11 20:14:31.692  INFO 40612 --- [Thread-3] o.s.j.e.a.AnnotationMBeanExporter        : Unregistering JMX-exposed beans on shutdown
2023-01-11 20:14:31.694  INFO 40612 --- [Thread-3] o.s.j.e.a.AnnotationMBeanExporter        : Unregistering JMX-exposed beans
2023-01-11 20:14:31.701  INFO 40612 --- [Thread-3] j.LocalContainerEntityManagerFactoryBean : Closing JPA EntityManagerFactory for persistence unit 'default'
2023-01-11 20:14:31.702  INFO 40612 --- [Thread-3] com.zaxxer.hikari.HikariDataSource       : HikariPool-1 - Shutdown initiated...
2023-01-11 20:14:31.707  INFO 40612 --- [Thread-3] com.zaxxer.hikari.HikariDataSource       : HikariPool-1 - Shutdown completed.
2023-01-11 20:32:03.554  INFO 42315 --- [main] com.example.ec.ExplorecaliApplication    : Starting ExplorecaliApplication on Bettys-MacBook-Air.local with PID 42315 (started by betty in /Users/betty/Desktop/extending-securing-and-dockerizing-springboot-microservices/Dockerizing Microservice/explorecali)
2023-01-11 20:32:03.558 DEBUG 42315 --- [main] com.example.ec.ExplorecaliApplication    : Running with Spring Boot v2.0.1.RELEASE, Spring v5.0.5.RELEASE
2023-01-11 20:32:03.559  INFO 42315 --- [main] com.example.ec.ExplorecaliApplication    : The following profiles are active: default
2023-01-11 20:32:03.596  INFO 42315 --- [main] ConfigServletWebServerApplicationContext : Refreshing org.springframework.boot.web.servlet.context.AnnotationConfigServletWebServerApplicationContext@52bf72b5: startup date [Wed Jan 11 20:32:03 CST 2023]; root of context hierarchy
2023-01-11 20:32:04.653  INFO 42315 --- [main] o.s.b.f.s.DefaultListableBeanFactory     : Overriding bean definition for bean 'httpRequestHandlerAdapter' with a different definition: replacing [Root bean: class [null]; scope=; abstract=false; lazyInit=false; autowireMode=3; dependencyCheck=0; autowireCandidate=true; primary=false; factoryBeanName=org.springframework.boot.autoconfigure.web.servlet.WebMvcAutoConfiguration$EnableWebMvcConfiguration; factoryMethodName=httpRequestHandlerAdapter; initMethodName=null; destroyMethodName=(inferred); defined in class path resource [org/springframework/boot/autoconfigure/web/servlet/WebMvcAutoConfiguration$EnableWebMvcConfiguration.class]] with [Root bean: class [null]; scope=; abstract=false; lazyInit=false; autowireMode=3; dependencyCheck=0; autowireCandidate=true; primary=false; factoryBeanName=org.springframework.data.rest.webmvc.config.RepositoryRestMvcConfiguration; factoryMethodName=httpRequestHandlerAdapter; initMethodName=null; destroyMethodName=(inferred); defined in class path resource [org/springframework/data/rest/webmvc/config/RepositoryRestMvcConfiguration.class]]
2023-01-11 20:32:05.085  INFO 42315 --- [main] trationDelegate$BeanPostProcessorChecker : Bean 'org.springframework.transaction.annotation.ProxyTransactionManagementConfiguration' of type [org.springframework.transaction.annotation.ProxyTransactionManagementConfiguration$$EnhancerBySpringCGLIB$$3dd20359] is not eligible for getting processed by all BeanPostProcessors (for example: not eligible for auto-proxying)
2023-01-11 20:32:05.148  INFO 42315 --- [main] trationDelegate$BeanPostProcessorChecker : Bean 'org.springframework.security.config.annotation.configuration.ObjectPostProcessorConfiguration' of type [org.springframework.security.config.annotation.configuration.ObjectPostProcessorConfiguration$$EnhancerBySpringCGLIB$$d67fcb93] is not eligible for getting processed by all BeanPostProcessors (for example: not eligible for auto-proxying)
2023-01-11 20:32:05.156  INFO 42315 --- [main] trationDelegate$BeanPostProcessorChecker : Bean 'objectPostProcessor' of type [org.springframework.security.config.annotation.configuration.AutowireBeanFactoryObjectPostProcessor] is not eligible for getting processed by all BeanPostProcessors (for example: not eligible for auto-proxying)
2023-01-11 20:32:05.158  INFO 42315 --- [main] trationDelegate$BeanPostProcessorChecker : Bean 'org.springframework.security.access.expression.method.DefaultMethodSecurityExpressionHandler@1a2909ae' of type [org.springframework.security.access.expression.method.DefaultMethodSecurityExpressionHandler] is not eligible for getting processed by all BeanPostProcessors (for example: not eligible for auto-proxying)
2023-01-11 20:32:05.167  INFO 42315 --- [main] trationDelegate$BeanPostProcessorChecker : Bean 'org.springframework.security.config.annotation.method.configuration.GlobalMethodSecurityConfiguration' of type [org.springframework.security.config.annotation.method.configuration.GlobalMethodSecurityConfiguration$$EnhancerBySpringCGLIB$$fb546e45] is not eligible for getting processed by all BeanPostProcessors (for example: not eligible for auto-proxying)
2023-01-11 20:32:05.176  INFO 42315 --- [main] trationDelegate$BeanPostProcessorChecker : Bean 'methodSecurityMetadataSource' of type [org.springframework.security.access.method.DelegatingMethodSecurityMetadataSource] is not eligible for getting processed by all BeanPostProcessors (for example: not eligible for auto-proxying)
2023-01-11 20:32:05.514  INFO 42315 --- [main] o.s.b.w.embedded.tomcat.TomcatWebServer  : Tomcat initialized with port(s): 8080 (http)
2023-01-11 20:32:05.544  INFO 42315 --- [main] o.apache.catalina.core.StandardService   : Starting service [Tomcat]
2023-01-11 20:32:05.545  INFO 42315 --- [main] org.apache.catalina.core.StandardEngine  : Starting Servlet Engine: Apache Tomcat/8.5.29
2023-01-11 20:32:05.550  INFO 42315 --- [localhost-startStop-1] o.a.catalina.core.AprLifecycleListener   : The APR based Apache Tomcat Native library which allows optimal performance in production environments was not found on the java.library.path: [/Users/betty/Library/Java/Extensions:/Library/Java/Extensions:/Network/Library/Java/Extensions:/System/Library/Java/Extensions:/usr/lib/java:.]
2023-01-11 20:32:05.697  INFO 42315 --- [localhost-startStop-1] o.a.c.c.C.[Tomcat].[localhost].[/]       : Initializing Spring embedded WebApplicationContext
2023-01-11 20:32:05.697  INFO 42315 --- [localhost-startStop-1] o.s.web.context.ContextLoader            : Root WebApplicationContext: initialization completed in 2101 ms
2023-01-11 20:32:05.890  INFO 42315 --- [localhost-startStop-1] o.s.b.w.servlet.FilterRegistrationBean   : Mapping filter: 'characterEncodingFilter' to: [/*]
2023-01-11 20:32:05.891  INFO 42315 --- [localhost-startStop-1] o.s.b.w.servlet.FilterRegistrationBean   : Mapping filter: 'hiddenHttpMethodFilter' to: [/*]
2023-01-11 20:32:05.891  INFO 42315 --- [localhost-startStop-1] o.s.b.w.servlet.FilterRegistrationBean   : Mapping filter: 'httpPutFormContentFilter' to: [/*]
2023-01-11 20:32:05.891  INFO 42315 --- [localhost-startStop-1] o.s.b.w.servlet.FilterRegistrationBean   : Mapping filter: 'requestContextFilter' to: [/*]
2023-01-11 20:32:05.892  INFO 42315 --- [localhost-startStop-1] .s.DelegatingFilterProxyRegistrationBean : Mapping filter: 'springSecurityFilterChain' to: [/*]
2023-01-11 20:32:05.892  INFO 42315 --- [localhost-startStop-1] o.s.b.w.servlet.ServletRegistrationBean  : Servlet dispatcherServlet mapped to [/]
2023-01-11 20:32:06.030  INFO 42315 --- [main] o.f.core.internal.util.VersionPrinter    : Flyway Community Edition 5.0.7 by Boxfuse
2023-01-11 20:32:06.033  INFO 42315 --- [main] com.zaxxer.hikari.HikariDataSource       : HikariPool-1 - Starting...
2023-01-11 20:32:06.186  INFO 42315 --- [main] com.zaxxer.hikari.HikariDataSource       : HikariPool-1 - Start completed.
2023-01-11 20:32:06.192  INFO 42315 --- [main] o.f.c.internal.database.DatabaseFactory  : Database: jdbc:h2:mem:testdb (H2 1.4)
2023-01-11 20:32:06.271  INFO 42315 --- [main] o.f.core.internal.command.DbValidate     : Successfully validated 6 migrations (execution time 00:00.034s)
2023-01-11 20:32:06.295  INFO 42315 --- [main] o.f.c.i.s.JdbcTableSchemaHistory         : Creating Schema History table: "PUBLIC"."flyway_schema_history"
2023-01-11 20:32:06.325  INFO 42315 --- [main] o.f.core.internal.command.DbMigrate      : Current version of schema "PUBLIC": << Empty Schema >>
2023-01-11 20:32:06.327  INFO 42315 --- [main] o.f.core.internal.command.DbMigrate      : Migrating schema "PUBLIC" to version 1.1 - CreateTourSchema
2023-01-11 20:32:06.372  INFO 42315 --- [main] o.f.core.internal.command.DbMigrate      : Migrating schema "PUBLIC" to version 1.2 - AddTours
2023-01-11 20:32:06.389  INFO 42315 --- [main] o.f.core.internal.command.DbMigrate      : Migrating schema "PUBLIC" to version 1.3 - CreateTourRatingSchema
2023-01-11 20:32:06.400  INFO 42315 --- [main] o.f.core.internal.command.DbMigrate      : Migrating schema "PUBLIC" to version 1.4 - AddTourRatings
2023-01-11 20:32:06.410  INFO 42315 --- [main] o.f.core.internal.command.DbMigrate      : Migrating schema "PUBLIC" to version 2.1 - CreateSecuritySchema
2023-01-11 20:32:06.423  INFO 42315 --- [main] o.f.core.internal.command.DbMigrate      : Migrating schema "PUBLIC" to version 2.2 - AddUsers
2023-01-11 20:32:06.434  INFO 42315 --- [main] o.f.core.internal.command.DbMigrate      : Successfully applied 6 migrations to schema "PUBLIC" (execution time 00:00.146s)
2023-01-11 20:32:06.595  INFO 42315 --- [main] j.LocalContainerEntityManagerFactoryBean : Building JPA container EntityManagerFactory for persistence unit 'default'
2023-01-11 20:32:06.614  INFO 42315 --- [main] o.hibernate.jpa.internal.util.LogHelper  : HHH000204: Processing PersistenceUnitInfo [
	name: default
	...]
2023-01-11 20:32:06.724  INFO 42315 --- [main] org.hibernate.Version                    : HHH000412: Hibernate Core {5.2.16.Final}
2023-01-11 20:32:06.725  INFO 42315 --- [main] org.hibernate.cfg.Environment            : HHH000206: hibernate.properties not found
2023-01-11 20:32:06.773  INFO 42315 --- [main] o.hibernate.annotations.common.Version   : HCANN000001: Hibernate Commons Annotations {5.0.1.Final}
2023-01-11 20:32:06.929  INFO 42315 --- [main] org.hibernate.dialect.Dialect            : HHH000400: Using dialect: org.hibernate.dialect.H2Dialect
2023-01-11 20:32:07.536  INFO 42315 --- [main] j.LocalContainerEntityManagerFactoryBean : Initialized JPA EntityManagerFactory for persistence unit 'default'
2023-01-11 20:32:08.688  WARN 42315 --- [main] aWebConfiguration$JpaWebMvcConfiguration : spring.jpa.open-in-view is enabled by default. Therefore, database queries may be performed during view rendering. Explicitly configure spring.jpa.open-in-view to disable this warning
2023-01-11 20:32:08.874  INFO 42315 --- [main] s.w.s.m.m.a.RequestMappingHandlerMapping : Mapped "{[/ratings/{id}],methods=[GET]}" onto public com.example.ec.web.RatingDto com.example.ec.web.RatingController.getRating(java.lang.Integer)
2023-01-11 20:32:08.875  INFO 42315 --- [main] s.w.s.m.m.a.RequestMappingHandlerMapping : Mapped "{[/ratings],methods=[GET]}" onto public java.util.List<com.example.ec.web.RatingDto> com.example.ec.web.RatingController.getAll()
2023-01-11 20:32:08.880  INFO 42315 --- [main] s.w.s.m.m.a.RequestMappingHandlerMapping : Mapped "{[/tours/{tourId}/ratings],methods=[POST]}" onto public void com.example.ec.web.TourRatingController.createTourRating(int,com.example.ec.web.RatingDto)
2023-01-11 20:32:08.881  INFO 42315 --- [main] s.w.s.m.m.a.RequestMappingHandlerMapping : Mapped "{[/tours/{tourId}/ratings/{score}],methods=[POST]}" onto public void com.example.ec.web.TourRatingController.createManyTourRatings(int,int,java.lang.Integer[])
2023-01-11 20:32:08.882  INFO 42315 --- [main] s.w.s.m.m.a.RequestMappingHandlerMapping : Mapped "{[/tours/{tourId}/ratings],methods=[GET]}" onto public org.springframework.hateoas.PagedResources<com.example.ec.web.RatingDto> com.example.ec.web.TourRatingController.getAllRatingsForTour(int,org.springframework.data.domain.Pageable,org.springframework.data.web.PagedResourcesAssembler)
2023-01-11 20:32:08.883  INFO 42315 --- [main] s.w.s.m.m.a.RequestMappingHandlerMapping : Mapped "{[/tours/{tourId}/ratings/average],methods=[GET]}" onto public java.util.AbstractMap$SimpleEntry<java.lang.String, java.lang.Double> com.example.ec.web.TourRatingController.getAverage(int)
2023-01-11 20:32:08.883  INFO 42315 --- [main] s.w.s.m.m.a.RequestMappingHandlerMapping : Mapped "{[/tours/{tourId}/ratings],methods=[PUT]}" onto public com.example.ec.web.RatingDto com.example.ec.web.TourRatingController.updateWithPut(int,com.example.ec.web.RatingDto)
2023-01-11 20:32:08.884  INFO 42315 --- [main] s.w.s.m.m.a.RequestMappingHandlerMapping : Mapped "{[/tours/{tourId}/ratings],methods=[PATCH]}" onto public com.example.ec.web.RatingDto com.example.ec.web.TourRatingController.updateWithPatch(int,com.example.ec.web.RatingDto)
2023-01-11 20:32:08.884  INFO 42315 --- [main] s.w.s.m.m.a.RequestMappingHandlerMapping : Mapped "{[/tours/{tourId}/ratings/{customerId}],methods=[DELETE]}" onto public void com.example.ec.web.TourRatingController.delete(int,int)
2023-01-11 20:32:08.885  INFO 42315 --- [main] s.w.s.m.m.a.RequestMappingHandlerMapping : Mapped "{[/users/signup],methods=[POST]}" onto public com.example.ec.domain.User com.example.ec.web.UserController.signup(com.example.ec.web.LoginDto)
2023-01-11 20:32:08.886  INFO 42315 --- [main] s.w.s.m.m.a.RequestMappingHandlerMapping : Mapped "{[/users/signin],methods=[POST]}" onto public java.lang.String com.example.ec.web.UserController.login(com.example.ec.web.LoginDto)
2023-01-11 20:32:08.886  INFO 42315 --- [main] s.w.s.m.m.a.RequestMappingHandlerMapping : Mapped "{[/users],methods=[GET]}" onto public java.util.List<com.example.ec.domain.User> com.example.ec.web.UserController.getAllUsers()
2023-01-11 20:32:08.890  INFO 42315 --- [main] s.w.s.m.m.a.RequestMappingHandlerMapping : Mapped "{[/swagger-resources/configuration/security]}" onto public org.springframework.http.ResponseEntity<springfox.documentation.swagger.web.SecurityConfiguration> springfox.documentation.swagger.web.ApiResourceController.securityConfiguration()
2023-01-11 20:32:08.891  INFO 42315 --- [main] s.w.s.m.m.a.RequestMappingHandlerMapping : Mapped "{[/swagger-resources/configuration/ui]}" onto public org.springframework.http.ResponseEntity<springfox.documentation.swagger.web.UiConfiguration> springfox.documentation.swagger.web.ApiResourceController.uiConfiguration()
2023-01-11 20:32:08.892  INFO 42315 --- [main] s.w.s.m.m.a.RequestMappingHandlerMapping : Mapped "{[/swagger-resources]}" onto public org.springframework.http.ResponseEntity<java.util.List<springfox.documentation.swagger.web.SwaggerResource>> springfox.documentation.swagger.web.ApiResourceController.swaggerResources()
2023-01-11 20:32:08.896  INFO 42315 --- [main] s.w.s.m.m.a.RequestMappingHandlerMapping : Mapped "{[/error],produces=[text/html]}" onto public org.springframework.web.servlet.ModelAndView org.springframework.boot.autoconfigure.web.servlet.error.BasicErrorController.errorHtml(javax.servlet.http.HttpServletRequest,javax.servlet.http.HttpServletResponse)
2023-01-11 20:32:08.896  INFO 42315 --- [main] s.w.s.m.m.a.RequestMappingHandlerMapping : Mapped "{[/error]}" onto public org.springframework.http.ResponseEntity<java.util.Map<java.lang.String, java.lang.Object>> org.springframework.boot.autoconfigure.web.servlet.error.BasicErrorController.error(javax.servlet.http.HttpServletRequest)
2023-01-11 20:32:09.198  INFO 42315 --- [main] pertySourcedRequestMappingHandlerMapping : Mapped URL path [/v2/api-docs] onto method [public org.springframework.http.ResponseEntity<springfox.documentation.spring.web.json.Json> springfox.documentation.swagger2.web.Swagger2Controller.getDocumentation(java.lang.String,javax.servlet.http.HttpServletRequest)]
2023-01-11 20:32:09.292  INFO 42315 --- [main] o.s.w.s.handler.SimpleUrlHandlerMapping  : Mapped URL path [/**/favicon.ico] onto handler of type [class org.springframework.web.servlet.resource.ResourceHttpRequestHandler]
2023-01-11 20:32:09.433  INFO 42315 --- [main] s.w.s.m.m.a.RequestMappingHandlerAdapter : Looking for @ControllerAdvice: org.springframework.boot.web.servlet.context.AnnotationConfigServletWebServerApplicationContext@52bf72b5: startup date [Wed Jan 11 20:32:03 CST 2023]; root of context hierarchy
2023-01-11 20:32:09.508  INFO 42315 --- [main] o.s.w.s.handler.SimpleUrlHandlerMapping  : Mapped URL path [/webjars/**] onto handler of type [class org.springframework.web.servlet.resource.ResourceHttpRequestHandler]
2023-01-11 20:32:09.508  INFO 42315 --- [main] o.s.w.s.handler.SimpleUrlHandlerMapping  : Mapped URL path [/**] onto handler of type [class org.springframework.web.servlet.resource.ResourceHttpRequestHandler]
2023-01-11 20:32:09.523  INFO 42315 --- [main] .m.m.a.ExceptionHandlerExceptionResolver : Detected @ExceptionHandler methods in exceptionHandlerController
2023-01-11 20:32:09.524  INFO 42315 --- [main] .m.m.a.ExceptionHandlerExceptionResolver : Detected @ExceptionHandler methods in repositoryRestExceptionHandler
2023-01-11 20:32:09.724  INFO 42315 --- [main] o.s.d.r.w.RepositoryRestHandlerAdapter   : Looking for @ControllerAdvice: org.springframework.boot.web.servlet.context.AnnotationConfigServletWebServerApplicationContext@52bf72b5: startup date [Wed Jan 11 20:32:03 CST 2023]; root of context hierarchy
2023-01-11 20:32:09.756  INFO 42315 --- [main] o.s.d.r.w.RepositoryRestHandlerMapping   : Mapped "{[/{repository}/search],methods=[OPTIONS],produces=[application/hal+json || application/json]}" onto public org.springframework.http.HttpEntity<?> org.springframework.data.rest.webmvc.RepositorySearchController.optionsForSearches(org.springframework.data.rest.webmvc.RootResourceInformation)
2023-01-11 20:32:09.756  INFO 42315 --- [main] o.s.d.r.w.RepositoryRestHandlerMapping   : Mapped "{[/{repository}/search],methods=[HEAD],produces=[application/hal+json || application/json]}" onto public org.springframework.http.HttpEntity<?> org.springframework.data.rest.webmvc.RepositorySearchController.headForSearches(org.springframework.data.rest.webmvc.RootResourceInformation)
2023-01-11 20:32:09.756  INFO 42315 --- [main] o.s.d.r.w.RepositoryRestHandlerMapping   : Mapped "{[/{repository}/search],methods=[GET],produces=[application/hal+json || application/json]}" onto public org.springframework.data.rest.webmvc.RepositorySearchesResource org.springframework.data.rest.webmvc.RepositorySearchController.listSearches(org.springframework.data.rest.webmvc.RootResourceInformation)
2023-01-11 20:32:09.757  INFO 42315 --- [main] o.s.d.r.w.RepositoryRestHandlerMapping   : Mapped "{[/{repository}/search/{search}],methods=[GET],produces=[application/hal+json || application/json]}" onto public org.springframework.http.ResponseEntity<?> org.springframework.data.rest.webmvc.RepositorySearchController.executeSearch(org.springframework.data.rest.webmvc.RootResourceInformation,org.springframework.util.MultiValueMap<java.lang.String, java.lang.Object>,java.lang.String,org.springframework.data.rest.webmvc.support.DefaultedPageable,org.springframework.data.domain.Sort,org.springframework.data.rest.webmvc.PersistentEntityResourceAssembler,org.springframework.http.HttpHeaders)
2023-01-11 20:32:09.757  INFO 42315 --- [main] o.s.d.r.w.RepositoryRestHandlerMapping   : Mapped "{[/{repository}/search/{search}],methods=[GET],produces=[application/x-spring-data-compact+json]}" onto public org.springframework.hateoas.ResourceSupport org.springframework.data.rest.webmvc.RepositorySearchController.executeSearchCompact(org.springframework.data.rest.webmvc.RootResourceInformation,org.springframework.http.HttpHeaders,org.springframework.util.MultiValueMap<java.lang.String, java.lang.Object>,java.lang.String,java.lang.String,org.springframework.data.rest.webmvc.support.DefaultedPageable,org.springframework.data.domain.Sort,org.springframework.data.rest.webmvc.PersistentEntityResourceAssembler)
2023-01-11 20:32:09.757  INFO 42315 --- [main] o.s.d.r.w.RepositoryRestHandlerMapping   : Mapped "{[/{repository}/search/{search}],methods=[OPTIONS],produces=[application/hal+json || application/json]}" onto public org.springframework.http.ResponseEntity<java.lang.Object> org.springframework.data.rest.webmvc.RepositorySearchController.optionsForSearch(org.springframework.data.rest.webmvc.RootResourceInformation,java.lang.String)
2023-01-11 20:32:09.758  INFO 42315 --- [main] o.s.d.r.w.RepositoryRestHandlerMapping   : Mapped "{[/{repository}/search/{search}],methods=[HEAD],produces=[application/hal+json || application/json]}" onto public org.springframework.http.ResponseEntity<java.lang.Object> org.springframework.data.rest.webmvc.RepositorySearchController.headForSearch(org.springframework.data.rest.webmvc.RootResourceInformation,java.lang.String)
2023-01-11 20:32:09.760  INFO 42315 --- [main] o.s.d.r.w.RepositoryRestHandlerMapping   : Mapped "{[/{repository}/{id}/{property}/{propertyId}],methods=[GET],produces=[application/hal+json || application/json]}" onto public org.springframework.http.ResponseEntity<org.springframework.hateoas.ResourceSupport> org.springframework.data.rest.webmvc.RepositoryPropertyReferenceController.followPropertyReference(org.springframework.data.rest.webmvc.RootResourceInformation,java.io.Serializable,java.lang.String,java.lang.String,org.springframework.data.rest.webmvc.PersistentEntityResourceAssembler) throws java.lang.Exception
2023-01-11 20:32:09.761  INFO 42315 --- [main] o.s.d.r.w.RepositoryRestHandlerMapping   : Mapped "{[/{repository}/{id}/{property}],methods=[GET],produces=[application/hal+json || application/json]}" onto public org.springframework.http.ResponseEntity<org.springframework.hateoas.ResourceSupport> org.springframework.data.rest.webmvc.RepositoryPropertyReferenceController.followPropertyReference(org.springframework.data.rest.webmvc.RootResourceInformation,java.io.Serializable,java.lang.String,org.springframework.data.rest.webmvc.PersistentEntityResourceAssembler) throws java.lang.Exception
2023-01-11 20:32:09.761  INFO 42315 --- [main] o.s.d.r.w.RepositoryRestHandlerMapping   : Mapped "{[/{repository}/{id}/{property}],methods=[DELETE],produces=[application/hal+json || application/json]}" onto public org.springframework.http.ResponseEntity<? extends org.springframework.hateoas.ResourceSupport> org.springframework.data.rest.webmvc.RepositoryPropertyReferenceController.deletePropertyReference(org.springframework.data.rest.webmvc.RootResourceInformation,java.io.Serializable,java.lang.String) throws java.lang.Exception
2023-01-11 20:32:09.761  INFO 42315 --- [main] o.s.d.r.w.RepositoryRestHandlerMapping   : Mapped "{[/{repository}/{id}/{property}],methods=[PATCH || PUT || POST],consumes=[application/json || application/x-spring-data-compact+json || text/uri-list],produces=[application/hal+json || application/json]}" onto public org.springframework.http.ResponseEntity<? extends org.springframework.hateoas.ResourceSupport> org.springframework.data.rest.webmvc.RepositoryPropertyReferenceController.createPropertyReference(org.springframework.data.rest.webmvc.RootResourceInformation,org.springframework.http.HttpMethod,org.springframework.hateoas.Resources<java.lang.Object>,java.io.Serializable,java.lang.String) throws java.lang.Exception
2023-01-11 20:32:09.762  INFO 42315 --- [main] o.s.d.r.w.RepositoryRestHandlerMapping   : Mapped "{[/{repository}/{id}/{property}],methods=[GET],produces=[application/x-spring-data-compact+json || text/uri-list]}" onto public org.springframework.http.ResponseEntity<org.springframework.hateoas.ResourceSupport> org.springframework.data.rest.webmvc.RepositoryPropertyReferenceController.followPropertyReferenceCompact(org.springframework.data.rest.webmvc.RootResourceInformation,java.io.Serializable,java.lang.String,org.springframework.data.rest.webmvc.PersistentEntityResourceAssembler) throws java.lang.Exception
2023-01-11 20:32:09.762  INFO 42315 --- [main] o.s.d.r.w.RepositoryRestHandlerMapping   : Mapped "{[/{repository}/{id}/{property}/{propertyId}],methods=[DELETE],produces=[application/hal+json || application/json]}" onto public org.springframework.http.ResponseEntity<org.springframework.hateoas.ResourceSupport> org.springframework.data.rest.webmvc.RepositoryPropertyReferenceController.deletePropertyReferenceId(org.springframework.data.rest.webmvc.RootResourceInformation,java.io.Serializable,java.lang.String,java.lang.String) throws java.lang.Exception
2023-01-11 20:32:09.763  INFO 42315 --- [main] o.s.d.r.w.RepositoryRestHandlerMapping   : Mapped "{[/ || ],methods=[OPTIONS],produces=[application/hal+json || application/json]}" onto public org.springframework.http.HttpEntity<?> org.springframework.data.rest.webmvc.RepositoryController.optionsForRepositories()
2023-01-11 20:32:09.763  INFO 42315 --- [main] o.s.d.r.w.RepositoryRestHandlerMapping   : Mapped "{[/ || ],methods=[HEAD],produces=[application/hal+json || application/json]}" onto public org.springframework.http.ResponseEntity<?> org.springframework.data.rest.webmvc.RepositoryController.headForRepositories()
2023-01-11 20:32:09.763  INFO 42315 --- [main] o.s.d.r.w.RepositoryRestHandlerMapping   : Mapped "{[/ || ],methods=[GET],produces=[application/hal+json || application/json]}" onto public org.springframework.http.HttpEntity<org.springframework.data.rest.webmvc.RepositoryLinksResource> org.springframework.data.rest.webmvc.RepositoryController.listRepositories()
2023-01-11 20:32:09.764  INFO 42315 --- [main] o.s.d.r.w.RepositoryRestHandlerMapping   : Mapped "{[/{repository}],methods=[HEAD],produces=[application/hal+json || application/json]}" onto public org.springframework.http.ResponseEntity<?> org.springframework.data.rest.webmvc.RepositoryEntityController.headCollectionResource(org.springframework.data.rest.webmvc.RootResourceInformation,org.springframework.data.rest.webmvc.support.DefaultedPageable) throws org.springframework.web.HttpRequestMethodNotSupportedException
2023-01-11 20:32:09.765  INFO 42315 --- [main] o.s.d.r.w.RepositoryRestHandlerMapping   : Mapped "{[/{repository}],methods=[GET],produces=[application/hal+json || application/json]}" onto public org.springframework.hateoas.Resources<?> org.springframework.data.rest.webmvc.RepositoryEntityController.getCollectionResource(org.springframework.data.rest.webmvc.RootResourceInformation,org.springframework.data.rest.webmvc.support.DefaultedPageable,org.springframework.data.domain.Sort,org.springframework.data.rest.webmvc.PersistentEntityResourceAssembler) throws org.springframework.data.rest.webmvc.ResourceNotFoundException,org.springframework.web.HttpRequestMethodNotSupportedException
2023-01-11 20:32:09.765  INFO 42315 --- [main] o.s.d.r.w.RepositoryRestHandlerMapping   : Mapped "{[/{repository}],methods=[POST],produces=[application/hal+json || application/json]}" onto public org.springframework.http.ResponseEntity<org.springframework.hateoas.ResourceSupport> org.springframework.data.rest.webmvc.RepositoryEntityController.postCollectionResource(org.springframework.data.rest.webmvc.RootResourceInformation,org.springframework.data.rest.webmvc.PersistentEntityResource,org.springframework.data.rest.webmvc.PersistentEntityResourceAssembler,java.lang.String) throws org.springframework.web.HttpRequestMethodNotSupportedException
2023-01-11 20:32:09.765  INFO 42315 --- [main] o.s.d.r.w.RepositoryRestHandlerMapping   : Mapped "{[/{repository}/{id}],methods=[OPTIONS],produces=[application/hal+json || application/json]}" onto public org.springframework.http.ResponseEntity<?> org.springframework.data.rest.webmvc.RepositoryEntityController.optionsForItemResource(org.springframework.data.rest.webmvc.RootResourceInformation)
2023-01-11 20:32:09.765  INFO 42315 --- [main] o.s.d.r.w.RepositoryRestHandlerMapping   : Mapped "{[/{repository}/{id}],methods=[HEAD],produces=[application/hal+json || application/json]}" onto public org.springframework.http.ResponseEntity<?> org.springframework.data.rest.webmvc.RepositoryEntityController.headForItemResource(org.springframework.data.rest.webmvc.RootResourceInformation,java.io.Serializable,org.springframework.data.rest.webmvc.PersistentEntityResourceAssembler) throws org.springframework.web.HttpRequestMethodNotSupportedException
2023-01-11 20:32:09.766  INFO 42315 --- [main] o.s.d.r.w.RepositoryRestHandlerMapping   : Mapped "{[/{repository}/{id}],methods=[GET],produces=[application/hal+json || application/json]}" onto public org.springframework.http.ResponseEntity<org.springframework.hateoas.Resource<?>> org.springframework.data.rest.webmvc.RepositoryEntityController.getItemResource(org.springframework.data.rest.webmvc.RootResourceInformation,java.io.Serializable,org.springframework.data.rest.webmvc.PersistentEntityResourceAssembler,org.springframework.http.HttpHeaders) throws org.springframework.web.HttpRequestMethodNotSupportedException
2023-01-11 20:32:09.766  INFO 42315 --- [main] o.s.d.r.w.RepositoryRestHandlerMapping   : Mapped "{[/{repository}/{id}],methods=[PUT],produces=[application/hal+json || application/json]}" onto public org.springframework.http.ResponseEntity<? extends org.springframework.hateoas.ResourceSupport> org.springframework.data.rest.webmvc.RepositoryEntityController.putItemResource(org.springframework.data.rest.webmvc.RootResourceInformation,org.springframework.data.rest.webmvc.PersistentEntityResource,java.io.Serializable,org.springframework.data.rest.webmvc.PersistentEntityResourceAssembler,org.springframework.data.rest.webmvc.support.ETag,java.lang.String) throws org.springframework.web.HttpRequestMethodNotSupportedException
2023-01-11 20:32:09.766  INFO 42315 --- [main] o.s.d.r.w.RepositoryRestHandlerMapping   : Mapped "{[/{repository}/{id}],methods=[PATCH],produces=[application/hal+json || application/json]}" onto public org.springframework.http.ResponseEntity<org.springframework.hateoas.ResourceSupport> org.springframework.data.rest.webmvc.RepositoryEntityController.patchItemResource(org.springframework.data.rest.webmvc.RootResourceInformation,org.springframework.data.rest.webmvc.PersistentEntityResource,java.io.Serializable,org.springframework.data.rest.webmvc.PersistentEntityResourceAssembler,org.springframework.data.rest.webmvc.support.ETag,java.lang.String) throws org.springframework.web.HttpRequestMethodNotSupportedException,org.springframework.data.rest.webmvc.ResourceNotFoundException
2023-01-11 20:32:09.766  INFO 42315 --- [main] o.s.d.r.w.RepositoryRestHandlerMapping   : Mapped "{[/{repository}/{id}],methods=[DELETE],produces=[application/hal+json || application/json]}" onto public org.springframework.http.ResponseEntity<?> org.springframework.data.rest.webmvc.RepositoryEntityController.deleteItemResource(org.springframework.data.rest.webmvc.RootResourceInformation,java.io.Serializable,org.springframework.data.rest.webmvc.support.ETag) throws org.springframework.data.rest.webmvc.ResourceNotFoundException,org.springframework.web.HttpRequestMethodNotSupportedException
2023-01-11 20:32:09.767  INFO 42315 --- [main] o.s.d.r.w.RepositoryRestHandlerMapping   : Mapped "{[/{repository}],methods=[OPTIONS],produces=[application/hal+json || application/json]}" onto public org.springframework.http.ResponseEntity<?> org.springframework.data.rest.webmvc.RepositoryEntityController.optionsForCollectionResource(org.springframework.data.rest.webmvc.RootResourceInformation)
2023-01-11 20:32:09.767  INFO 42315 --- [main] o.s.d.r.w.RepositoryRestHandlerMapping   : Mapped "{[/{repository}],methods=[GET],produces=[application/x-spring-data-compact+json || text/uri-list]}" onto public org.springframework.hateoas.Resources<?> org.springframework.data.rest.webmvc.RepositoryEntityController.getCollectionResourceCompact(org.springframework.data.rest.webmvc.RootResourceInformation,org.springframework.data.rest.webmvc.support.DefaultedPageable,org.springframework.data.domain.Sort,org.springframework.data.rest.webmvc.PersistentEntityResourceAssembler) throws org.springframework.data.rest.webmvc.ResourceNotFoundException,org.springframework.web.HttpRequestMethodNotSupportedException
2023-01-11 20:32:09.772  INFO 42315 --- [main] o.s.d.r.w.BasePathAwareHandlerMapping    : Mapped "{[/profile/{repository}],methods=[GET],produces=[application/schema+json]}" onto public org.springframework.http.HttpEntity<org.springframework.data.rest.webmvc.json.JsonSchema> org.springframework.data.rest.webmvc.RepositorySchemaController.schema(org.springframework.data.rest.webmvc.RootResourceInformation)
2023-01-11 20:32:09.772  INFO 42315 --- [main] o.s.d.r.w.BasePathAwareHandlerMapping    : Mapped "{[/profile/{repository}],methods=[OPTIONS],produces=[application/alps+json]}" onto org.springframework.http.HttpEntity<?> org.springframework.data.rest.webmvc.alps.AlpsController.alpsOptions()
2023-01-11 20:32:09.772  INFO 42315 --- [main] o.s.d.r.w.BasePathAwareHandlerMapping    : Mapped "{[/profile/{repository}],methods=[GET],produces=[application/alps+json || */*]}" onto org.springframework.http.HttpEntity<org.springframework.data.rest.webmvc.RootResourceInformation> org.springframework.data.rest.webmvc.alps.AlpsController.descriptor(org.springframework.data.rest.webmvc.RootResourceInformation)
2023-01-11 20:32:09.773  INFO 42315 --- [main] o.s.d.r.w.BasePathAwareHandlerMapping    : Mapped "{[/profile],methods=[OPTIONS]}" onto public org.springframework.http.HttpEntity<?> org.springframework.data.rest.webmvc.ProfileController.profileOptions()
2023-01-11 20:32:09.773  INFO 42315 --- [main] o.s.d.r.w.BasePathAwareHandlerMapping    : Mapped "{[/profile],methods=[GET]}" onto org.springframework.http.HttpEntity<org.springframework.hateoas.ResourceSupport> org.springframework.data.rest.webmvc.ProfileController.listAllFormsOfMetadata()
2023-01-11 20:32:09.928  INFO 42315 --- [main] o.s.s.web.DefaultSecurityFilterChain     : Creating filter chain: Ant [pattern='/v2/api-docs'], []
2023-01-11 20:32:09.928  INFO 42315 --- [main] o.s.s.web.DefaultSecurityFilterChain     : Creating filter chain: Ant [pattern='/swagger-resources/**'], []
2023-01-11 20:32:09.928  INFO 42315 --- [main] o.s.s.web.DefaultSecurityFilterChain     : Creating filter chain: Ant [pattern='/swagger-ui.html'], []
2023-01-11 20:32:09.928  INFO 42315 --- [main] o.s.s.web.DefaultSecurityFilterChain     : Creating filter chain: Ant [pattern='/configuration/**'], []
2023-01-11 20:32:09.928  INFO 42315 --- [main] o.s.s.web.DefaultSecurityFilterChain     : Creating filter chain: Ant [pattern='/webjars/**'], []
2023-01-11 20:32:09.928  INFO 42315 --- [main] o.s.s.web.DefaultSecurityFilterChain     : Creating filter chain: Ant [pattern='/public'], []
2023-01-11 20:32:10.005  INFO 42315 --- [main] o.s.s.web.DefaultSecurityFilterChain     : Creating filter chain: org.springframework.security.web.util.matcher.AnyRequestMatcher@1, [org.springframework.security.web.context.request.async.WebAsyncManagerIntegrationFilter@186f7434, org.springframework.security.web.context.SecurityContextPersistenceFilter@707f4647, org.springframework.security.web.header.HeaderWriterFilter@24de63b, org.springframework.security.web.authentication.logout.LogoutFilter@4946485c, com.example.ec.security.JwtTokenFilter@2374452a, org.springframework.security.web.savedrequest.RequestCacheAwareFilter@54f373d4, org.springframework.security.web.servletapi.SecurityContextHolderAwareRequestFilter@54286339, org.springframework.security.web.authentication.AnonymousAuthenticationFilter@6ffc6ea7, org.springframework.security.web.session.SessionManagementFilter@3f908bc0, org.springframework.security.web.access.ExceptionTranslationFilter@556aed22, org.springframework.security.web.access.intercept.FilterSecurityInterceptor@3bf01a01]
2023-01-11 20:32:10.095  INFO 42315 --- [main] o.s.j.e.a.AnnotationMBeanExporter        : Registering beans for JMX exposure on startup
2023-01-11 20:32:10.097  INFO 42315 --- [main] o.s.j.e.a.AnnotationMBeanExporter        : Bean with name 'dataSource' has been autodetected for JMX exposure
2023-01-11 20:32:10.105  INFO 42315 --- [main] o.s.j.e.a.AnnotationMBeanExporter        : Located MBean 'dataSource': registering with JMX server as MBean [com.zaxxer.hikari:name=dataSource,type=HikariDataSource]
2023-01-11 20:32:10.112  INFO 42315 --- [main] o.s.c.support.DefaultLifecycleProcessor  : Starting beans in phase 2147483647
2023-01-11 20:32:10.112  INFO 42315 --- [main] d.s.w.p.DocumentationPluginsBootstrapper : Context refreshed
2023-01-11 20:32:10.128  INFO 42315 --- [main] d.s.w.p.DocumentationPluginsBootstrapper : Found 1 custom documentation plugin(s)
2023-01-11 20:32:10.163  INFO 42315 --- [main] s.d.s.w.s.ApiListingReferenceScanner     : Scanning for api listing references
2023-01-11 20:32:10.376  INFO 42315 --- [main] o.s.b.w.embedded.tomcat.TomcatWebServer  : Tomcat started on port(s): 8080 (http) with context path ''
2023-01-11 20:32:10.380  INFO 42315 --- [main] com.example.ec.ExplorecaliApplication    : Started ExplorecaliApplication in 7.091 seconds (JVM running for 7.751)
2023-01-11 20:32:18.196  INFO 42315 --- [http-nio-8080-exec-2] o.a.c.c.C.[Tomcat].[localhost].[/]       : Initializing Spring FrameworkServlet 'dispatcherServlet'
2023-01-11 20:32:18.197  INFO 42315 --- [http-nio-8080-exec-2] o.s.web.servlet.DispatcherServlet        : FrameworkServlet 'dispatcherServlet': initialization started
2023-01-11 20:32:18.221  INFO 42315 --- [http-nio-8080-exec-2] o.s.web.servlet.DispatcherServlet        : FrameworkServlet 'dispatcherServlet': initialization completed in 24 ms
2023-01-11 20:32:18.421  INFO 42315 --- [http-nio-8080-exec-2] com.example.ec.security.JwtTokenFilter   : Process request to check for a JSON Web Token 
2023-01-11 20:32:18.515  INFO 42315 --- [http-nio-8080-exec-2] o.h.h.i.QueryTranslatorFactoryInitiator  : HHH000397: Using ASTQueryTranslatorFactory
2023-01-11 20:33:40.509  INFO 42315 --- [Thread-3] ConfigServletWebServerApplicationContext : Closing org.springframework.boot.web.servlet.context.AnnotationConfigServletWebServerApplicationContext@52bf72b5: startup date [Wed Jan 11 20:32:03 CST 2023]; root of context hierarchy
2023-01-11 20:33:40.514  INFO 42315 --- [Thread-3] o.s.c.support.DefaultLifecycleProcessor  : Stopping beans in phase 2147483647
2023-01-11 20:33:40.515  INFO 42315 --- [Thread-3] o.s.j.e.a.AnnotationMBeanExporter        : Unregistering JMX-exposed beans on shutdown
2023-01-11 20:33:40.516  INFO 42315 --- [Thread-3] o.s.j.e.a.AnnotationMBeanExporter        : Unregistering JMX-exposed beans
2023-01-11 20:33:40.520  INFO 42315 --- [Thread-3] j.LocalContainerEntityManagerFactoryBean : Closing JPA EntityManagerFactory for persistence unit 'default'
2023-01-11 20:33:40.521  INFO 42315 --- [Thread-3] com.zaxxer.hikari.HikariDataSource       : HikariPool-1 - Shutdown initiated...
2023-01-11 20:33:40.523  INFO 42315 --- [Thread-3] com.zaxxer.hikari.HikariDataSource       : HikariPool-1 - Shutdown completed.
