2023-01-11 20:31:27.701  INFO 42294 --- [main] com.example.ec.ExplorecaliApplication    : Starting ExplorecaliApplication on Bettys-MacBook-Air.local with PID 42294 (started by betty in /Users/betty/Desktop/extending-securing-and-dockerizing-springboot-microservices/Spring Security with JWT/explorecali)
2023-01-11 20:31:27.713 DEBUG 42294 --- [main] com.example.ec.ExplorecaliApplication    : Running with Spring Boot v2.0.1.RELEASE, Spring v5.0.5.RELEASE
2023-01-11 20:31:27.717  INFO 42294 --- [main] com.example.ec.ExplorecaliApplication    : No active profile set, falling back to default profiles: default
2023-01-11 20:31:27.846  INFO 42294 --- [main] ConfigServletWebServerApplicationContext : Refreshing org.springframework.boot.web.servlet.context.AnnotationConfigServletWebServerApplicationContext@73a8da0f: startup date [Wed Jan 11 20:31:27 CST 2023]; root of context hierarchy
2023-01-11 20:31:29.119  INFO 42294 --- [main] o.s.b.f.s.DefaultListableBeanFactory     : Overriding bean definition for bean 'httpRequestHandlerAdapter' with a different definition: replacing [Root bean: class [null]; scope=; abstract=false; lazyInit=false; autowireMode=3; dependencyCheck=0; autowireCandidate=true; primary=false; factoryBeanName=org.springframework.boot.autoconfigure.web.servlet.WebMvcAutoConfiguration$EnableWebMvcConfiguration; factoryMethodName=httpRequestHandlerAdapter; initMethodName=null; destroyMethodName=(inferred); defined in class path resource [org/springframework/boot/autoconfigure/web/servlet/WebMvcAutoConfiguration$EnableWebMvcConfiguration.class]] with [Root bean: class [null]; scope=; abstract=false; lazyInit=false; autowireMode=3; dependencyCheck=0; autowireCandidate=true; primary=false; factoryBeanName=org.springframework.data.rest.webmvc.config.RepositoryRestMvcConfiguration; factoryMethodName=httpRequestHandlerAdapter; initMethodName=null; destroyMethodName=(inferred); defined in class path resource [org/springframework/data/rest/webmvc/config/RepositoryRestMvcConfiguration.class]]
2023-01-11 20:31:29.268 ERROR 42294 --- [main] o.s.boot.SpringApplication               : Application run failed

java.lang.IllegalStateException: Cannot load configuration class: com.example.ec.ExplorecaliApplication
	at org.springframework.context.annotation.ConfigurationClassPostProcessor.enhanceConfigurationClasses(ConfigurationClassPostProcessor.java:414)
	at org.springframework.context.annotation.ConfigurationClassPostProcessor.postProcessBeanFactory(ConfigurationClassPostProcessor.java:254)
	at org.springframework.context.support.PostProcessorRegistrationDelegate.invokeBeanFactoryPostProcessors(PostProcessorRegistrationDelegate.java:284)
	at org.springframework.context.support.PostProcessorRegistrationDelegate.invokeBeanFactoryPostProcessors(PostProcessorRegistrationDelegate.java:128)
	at org.springframework.context.support.AbstractApplicationContext.invokeBeanFactoryPostProcessors(AbstractApplicationContext.java:694)
	at org.springframework.context.support.AbstractApplicationContext.refresh(AbstractApplicationContext.java:532)
	at org.springframework.boot.web.servlet.context.ServletWebServerApplicationContext.refresh(ServletWebServerApplicationContext.java:140)
	at org.springframework.boot.SpringApplication.refresh(SpringApplication.java:759)
	at org.springframework.boot.SpringApplication.refreshContext(SpringApplication.java:395)
	at org.springframework.boot.SpringApplication.run(SpringApplication.java:327)
	at org.springframework.boot.SpringApplication.run(SpringApplication.java:1255)
	at org.springframework.boot.SpringApplication.run(SpringApplication.java:1243)
	at com.example.ec.ExplorecaliApplication.main(ExplorecaliApplication.java:30)
Caused by: java.lang.ExceptionInInitializerError: null
	at org.springframework.context.annotation.ConfigurationClassEnhancer.newEnhancer(ConfigurationClassEnhancer.java:122)
	at org.springframework.context.annotation.ConfigurationClassEnhancer.enhance(ConfigurationClassEnhancer.java:110)
	at org.springframework.context.annotation.ConfigurationClassPostProcessor.enhanceConfigurationClasses(ConfigurationClassPostProcessor.java:403)
	... 12 common frames omitted
Caused by: org.springframework.cglib.core.CodeGenerationException: java.lang.reflect.InaccessibleObjectException-->Unable to make protected final java.lang.Class java.lang.ClassLoader.defineClass(java.lang.String,byte[],int,int,java.security.ProtectionDomain) throws java.lang.ClassFormatError accessible: module java.base does not "opens java.lang" to unnamed module @21282ed8
	at org.springframework.cglib.core.ReflectUtils.defineClass(ReflectUtils.java:464)
	at org.springframework.cglib.core.AbstractClassGenerator.generate(AbstractClassGenerator.java:336)
	at org.springframework.cglib.core.AbstractClassGenerator$ClassLoaderData$3.apply(AbstractClassGenerator.java:93)
	at org.springframework.cglib.core.AbstractClassGenerator$ClassLoaderData$3.apply(AbstractClassGenerator.java:91)
	at org.springframework.cglib.core.internal.LoadingCache$2.call(LoadingCache.java:54)
	at java.base/java.util.concurrent.FutureTask.run(FutureTask.java:317)
	at org.springframework.cglib.core.internal.LoadingCache.createEntry(LoadingCache.java:61)
	at org.springframework.cglib.core.internal.LoadingCache.get(LoadingCache.java:34)
	at org.springframework.cglib.core.AbstractClassGenerator$ClassLoaderData.get(AbstractClassGenerator.java:116)
	at org.springframework.cglib.core.AbstractClassGenerator.create(AbstractClassGenerator.java:291)
	at org.springframework.cglib.core.KeyFactory$Generator.create(KeyFactory.java:221)
	at org.springframework.cglib.core.KeyFactory.create(KeyFactory.java:174)
	at org.springframework.cglib.core.KeyFactory.create(KeyFactory.java:153)
	at org.springframework.cglib.proxy.Enhancer.<clinit>(Enhancer.java:73)
	... 15 common frames omitted
Caused by: java.lang.reflect.InaccessibleObjectException: Unable to make protected final java.lang.Class java.lang.ClassLoader.defineClass(java.lang.String,byte[],int,int,java.security.ProtectionDomain) throws java.lang.ClassFormatError accessible: module java.base does not "opens java.lang" to unnamed module @21282ed8
	at java.base/java.lang.reflect.AccessibleObject.throwInaccessibleObjectException(AccessibleObject.java:387)
	at java.base/java.lang.reflect.AccessibleObject.checkCanSetAccessible(AccessibleObject.java:363)
	at java.base/java.lang.reflect.AccessibleObject.checkCanSetAccessible(AccessibleObject.java:311)
	at java.base/java.lang.reflect.Method.checkCanSetAccessible(Method.java:201)
	at java.base/java.lang.reflect.Method.setAccessible(Method.java:195)
	at org.springframework.cglib.core.ReflectUtils$1.run(ReflectUtils.java:61)
	at java.base/java.security.AccessController.doPrivileged(AccessController.java:569)
	at org.springframework.cglib.core.ReflectUtils.<clinit>(ReflectUtils.java:52)
	at org.springframework.cglib.core.KeyFactory$Generator.generateClass(KeyFactory.java:243)
	at org.springframework.cglib.core.DefaultGeneratorStrategy.generate(DefaultGeneratorStrategy.java:25)
	at org.springframework.cglib.core.AbstractClassGenerator.generate(AbstractClassGenerator.java:329)
	... 27 common frames omitted

2023-01-11 20:31:29.270  INFO 42294 --- [main] ConfigServletWebServerApplicationContext : Closing org.springframework.boot.web.servlet.context.AnnotationConfigServletWebServerApplicationContext@73a8da0f: startup date [Wed Jan 11 20:31:27 CST 2023]; root of context hierarchy
